-------------------------------------------------------------------------------
Test set: com.vytrack.runners.CukesRunner
-------------------------------------------------------------------------------
Tests run: 3, Failures: 1, Errors: 0, Skipped: 0, Time elapsed: 95.822 s <<< FAILURE! - in com.vytrack.runners.CukesRunner
sales manager user(Account Types)  Time elapsed: 31.064 s  <<< FAILURE!
java.lang.AssertionError

