-------------------------------------------------------------------------------
Test set: com.vytrack.runners.FailedTestRunner
-------------------------------------------------------------------------------
Tests run: 1, Failures: 1, Errors: 0, Skipped: 0, Time elapsed: 30.069 s <<< FAILURE! - in com.vytrack.runners.FailedTestRunner
sales manager user(Account Types)  Time elapsed: 30.045 s  <<< FAILURE!
java.lang.AssertionError

